#
# There is insufficient memory for the Java Runtime Environment to continue.
# Native memory allocation (mmap) failed to map 134217728 bytes for G1 virtual space
# Possible reasons:
#   The system is out of physical RAM or swap space
#   The process is running with CompressedOops enabled, and the Java Heap may be blocking the growth of the native heap
# Possible solutions:
#   Reduce memory load on the system
#   Increase physical memory or swap space
#   Check if swap backing store is full
#   Decrease Java heap size (-Xmx/-Xms)
#   Decrease number of Java threads
#   Decrease Java thread stack sizes (-Xss)
#   Set larger code cache with -XX:ReservedCodeCacheSize=
#   JVM is running with Unscaled Compressed Oops mode in which the Java heap is
#     placed in the first 4GB address space. The Java Heap base address is the
#     maximum limit for the native heap growth. Please use -XX:HeapBaseMinAddress
#     to set the Java Heap base and to place the Java Heap above 4GB virtual address.
# This output file may be truncated or incomplete.
#
#  Out of Memory Error (os_windows.cpp:3603), pid=12044, tid=16880
#
# JRE version:  (21.0.6+8) (build )
# Java VM: Java HotSpot(TM) 64-Bit Server VM (21.0.6+8-LTS-188, mixed mode, sharing, tiered, compressed oops, compressed class ptrs, g1 gc, windows-amd64)
# No core dump will be written. Minidumps are not enabled by default on client versions of Windows
#

---------------  S U M M A R Y ------------

Command Line: -Dclassworlds.conf=C:\Maven\apache-maven-3.9.9\bin\m2.conf -Dmaven.home=C:\Maven\apache-maven-3.9.9 -Dlibrary.jansi.path=C:\Maven\apache-maven-3.9.9\lib\jansi-native -Dmaven.multiModuleProjectDirectory=F:\MSC ITM\Shipment Tracking- BE\Shipment-Tracking-Backend-main org.codehaus.plexus.classworlds.launcher.Launcher spring:run

Host: Intel(R) Core(TM) i7-6500U CPU @ 2.50GHz, 4 cores, 7G,  Windows 10 , 64 bit Build 19041 (10.0.19041.5198)
Time: Fri Jan 31 23:19:59 2025 Sri Lanka Standard Time elapsed time: 0.032950 seconds (0d 0h 0m 0s)

---------------  T H R E A D  ---------------

Current thread (0x000001ae910fa620):  JavaThread "Unknown thread" [_thread_in_vm, id=16880, stack(0x000000a3a0300000,0x000000a3a0400000) (1024K)]

Stack: [0x000000a3a0300000,0x000000a3a0400000]
Native frames: (J=compiled Java code, j=interpreted, Vv=VM code, C=native code)
V  [jvm.dll+0x6ca6d9]
V  [jvm.dll+0x854f51]
V  [jvm.dll+0x85747e]
V  [jvm.dll+0x857b53]
V  [jvm.dll+0x27dcc6]
V  [jvm.dll+0x6c6e55]
V  [jvm.dll+0x6bb9da]
V  [jvm.dll+0x35393a]
V  [jvm.dll+0x35b596]
V  [jvm.dll+0x3adefe]
V  [jvm.dll+0x3ae1a8]
V  [jvm.dll+0x327cbc]
V  [jvm.dll+0x32881b]
V  [jvm.dll+0x81e309]
V  [jvm.dll+0x3babe1]
V  [jvm.dll+0x807658]
V  [jvm.dll+0x44fdae]
V  [jvm.dll+0x4519a1]
C  [jli.dll+0x52a3]
C  [ucrtbase.dll+0x21bb2]
C  [KERNEL32.DLL+0x17374]
C  [ntdll.dll+0x4cc91]


---------------  P R O C E S S  ---------------

Threads class SMR info:
_java_thread_list=0x00007ff9ec4ecc08, length=0, elements={
}

Java Threads: ( => current thread )
Total: 0

Other Threads:
  0x000001ae93434640 WorkerThread "GC Thread#0"                     [id=3720, stack(0x000000a3a0400000,0x000000a3a0500000) (1024K)]
  0x000001ae934452e0 ConcurrentGCThread "G1 Main Marker"            [id=1008, stack(0x000000a3a0500000,0x000000a3a0600000) (1024K)]
  0x000001ae93445de0 WorkerThread "G1 Conc#0"                       [id=18596, stack(0x000000a3a0600000,0x000000a3a0700000) (1024K)]

[error occurred during error reporting (printing all threads), id 0xc0000005, EXCEPTION_ACCESS_VIOLATION (0xc0000005) at pc=0x00007ff9ebc5a427]
VM state: not at safepoint (not fully initialized)

VM Mutex/Monitor currently owned by a thread:  ([mutex/lock_event])
[0x00007ff9ec55df98] Heap_lock - owner thread: 0x000001ae910fa620

Heap address: 0x0000000081a00000, size: 2022 MB, Compressed Oops mode: 32-bit

CDS archive(s) mapped at: [0x0000000000000000-0x0000000000000000-0x0000000000000000), size 0, SharedBaseAddress: 0x0000000800000000, ArchiveRelocationMode: 1.
Narrow klass base: 0x0000000000000000, Narrow klass shift: 0, Narrow klass range: 0x0

GC Precious Log:
 CardTable entry size: 512
 Card Set container configuration: InlinePtr #cards 5 size 8 Array Of Cards #cards 12 size 40 Howl #buckets 4 coarsen threshold 1843 Howl Bitmap #cards 512 size 80 coarsen threshold 460 Card regions per heap region 1 cards per card region 2048

Heap:
 garbage-first heap   total 0K, used 0K [0x0000000081a00000, 0x0000000100000000)
  region size 1024K, 0 young (0K), 0 survivors (0K)

[error occurred during error reporting (printing heap information), id 0xc0000005, EXCEPTION_ACCESS_VIOLATION (0xc0000005) at pc=0x00007ff9ec0436a9]
GC Heap History (0 events):
No events

Dll operation events (1 events):
Event: 0.014 Loaded shared library C:\Program Files\Java\jdk-21\bin\java.dll

Deoptimization events (0 events):
No events

Classes loaded (0 events):
No events

Classes unloaded (0 events):
No events

Classes redefined (0 events):
No events

Internal exceptions (0 events):
No events

ZGC Phase Switch (0 events):
No events

VM Operations (0 events):
No events

Events (0 events):
No events


Dynamic libraries:
0x00007ff607000000 - 0x00007ff607010000 	C:\Program Files\Java\jdk-21\bin\java.exe
0x00007ffa84610000 - 0x00007ffa84808000 	C:\Windows\SYSTEM32\ntdll.dll
0x00007ffa50f70000 - 0x00007ffa50f8a000 	C:\Program Files\Avast Software\Avast\aswhook.dll
0x00007ffa83590000 - 0x00007ffa83652000 	C:\Windows\System32\KERNEL32.DLL
0x00007ffa82140000 - 0x00007ffa8243f000 	C:\Windows\System32\KERNELBASE.dll
0x00007ffa82520000 - 0x00007ffa82620000 	C:\Windows\System32\ucrtbase.dll
0x00007ffa6ceb0000 - 0x00007ffa6cec9000 	C:\Program Files\Java\jdk-21\bin\jli.dll
0x00007ffa82940000 - 0x00007ffa829f1000 	C:\Windows\System32\ADVAPI32.dll
0x00007ffa84530000 - 0x00007ffa845ce000 	C:\Windows\System32\msvcrt.dll
0x00007ffa84490000 - 0x00007ffa8452f000 	C:\Windows\System32\sechost.dll
0x00007ffa836c0000 - 0x00007ffa837e3000 	C:\Windows\System32\RPCRT4.dll
0x00007ffa81f20000 - 0x00007ffa81f47000 	C:\Windows\System32\bcrypt.dll
0x00007ffa82700000 - 0x00007ffa8289d000 	C:\Windows\System32\USER32.dll
0x00007ffa82110000 - 0x00007ffa82132000 	C:\Windows\System32\win32u.dll
0x00007ffa84400000 - 0x00007ffa8442b000 	C:\Windows\System32\GDI32.dll
0x00007ffa81ff0000 - 0x00007ffa82107000 	C:\Windows\System32\gdi32full.dll
0x00007ffa81f50000 - 0x00007ffa81fed000 	C:\Windows\System32\msvcp_win.dll
0x00007ffa66b70000 - 0x00007ffa66b8b000 	C:\Program Files\Java\jdk-21\bin\VCRUNTIME140.dll
0x00007ffa71110000 - 0x00007ffa713aa000 	C:\Windows\WinSxS\amd64_microsoft.windows.common-controls_6595b64144ccf1df_6.0.19041.4355_none_60b8b9eb71f62e16\COMCTL32.dll
0x00007ffa7bc70000 - 0x00007ffa7bc7a000 	C:\Windows\SYSTEM32\VERSION.dll
0x00007ffa83180000 - 0x00007ffa831af000 	C:\Windows\System32\IMM32.DLL
0x00007ffa66e00000 - 0x00007ffa66e0c000 	C:\Program Files\Java\jdk-21\bin\vcruntime140_1.dll
0x00007ffa37b60000 - 0x00007ffa37bee000 	C:\Program Files\Java\jdk-21\bin\msvcp140.dll
0x00007ff9eb920000 - 0x00007ff9ec63a000 	C:\Program Files\Java\jdk-21\bin\server\jvm.dll
0x00007ffa832c0000 - 0x00007ffa8332b000 	C:\Windows\System32\WS2_32.dll
0x00007ffa811e0000 - 0x00007ffa8122b000 	C:\Windows\SYSTEM32\POWRPROF.dll
0x00007ffa70920000 - 0x00007ffa70947000 	C:\Windows\SYSTEM32\WINMM.dll
0x00007ffa810a0000 - 0x00007ffa810b2000 	C:\Windows\SYSTEM32\UMPDC.dll
0x00007ffa7fb20000 - 0x00007ffa7fb32000 	C:\Windows\SYSTEM32\kernel.appcore.dll
0x00007ffa66bc0000 - 0x00007ffa66bca000 	C:\Program Files\Java\jdk-21\bin\jimage.dll
0x00007ffa77570000 - 0x00007ffa77754000 	C:\Windows\SYSTEM32\DBGHELP.DLL
0x00007ffa773f0000 - 0x00007ffa77424000 	C:\Windows\SYSTEM32\dbgcore.DLL
0x00007ffa82490000 - 0x00007ffa82512000 	C:\Windows\System32\bcryptPrimitives.dll
0x00007ffa66290000 - 0x00007ffa662af000 	C:\Program Files\Java\jdk-21\bin\java.dll

dbghelp: loaded successfully - version: 4.0.5 - missing functions: none
symbol engine: initialized successfully - sym options: 0x614 - pdb path: .;C:\Program Files\Java\jdk-21\bin;C:\Windows\SYSTEM32;C:\Program Files\Avast Software\Avast;C:\Windows\WinSxS\amd64_microsoft.windows.common-controls_6595b64144ccf1df_6.0.19041.4355_none_60b8b9eb71f62e16;C:\Program Files\Java\jdk-21\bin\server

VM Arguments:
jvm_args: -Dclassworlds.conf=C:\Maven\apache-maven-3.9.9\bin\m2.conf -Dmaven.home=C:\Maven\apache-maven-3.9.9 -Dlibrary.jansi.path=C:\Maven\apache-maven-3.9.9\lib\jansi-native -Dmaven.multiModuleProjectDirectory=F:\MSC ITM\Shipment Tracking- BE\Shipment-Tracking-Backend-main 
java_command: org.codehaus.plexus.classworlds.launcher.Launcher spring:run
java_class_path (initial): C:\Maven\apache-maven-3.9.9\boot\plexus-classworlds-2.8.0.jar
Launcher Type: SUN_STANDARD

[Global flags]
     intx CICompilerCount                          = 3                                         {product} {ergonomic}
     uint ConcGCThreads                            = 1                                         {product} {ergonomic}
     uint G1ConcRefinementThreads                  = 4                                         {product} {ergonomic}
   size_t G1HeapRegionSize                         = 1048576                                   {product} {ergonomic}
    uintx GCDrainStackTargetSize                   = 64                                        {product} {ergonomic}
   size_t InitialHeapSize                          = 134217728                                 {product} {ergonomic}
   size_t MarkStackSize                            = 4194304                                   {product} {ergonomic}
   size_t MaxHeapSize                              = 2120220672                                {product} {ergonomic}
   size_t MinHeapDeltaBytes                        = 1048576                                   {product} {ergonomic}
   size_t MinHeapSize                              = 8388608                                   {product} {ergonomic}
    uintx NonNMethodCodeHeapSize                   = 5832780                                {pd product} {ergonomic}
    uintx NonProfiledCodeHeapSize                  = 122912730                              {pd product} {ergonomic}
    uintx ProfiledCodeHeapSize                     = 122912730                              {pd product} {ergonomic}
    uintx ReservedCodeCacheSize                    = 251658240                              {pd product} {ergonomic}
     bool SegmentedCodeCache                       = true                                      {product} {ergonomic}
   size_t SoftMaxHeapSize                          = 2120220672                             {manageable} {ergonomic}
     bool UseCompressedOops                        = true                           {product lp64_product} {ergonomic}
     bool UseG1GC                                  = true                                      {product} {ergonomic}
     bool UseLargePagesIndividualAllocation        = false                                  {pd product} {ergonomic}

Logging:
Log output configuration:
 #0: stdout all=warning uptime,level,tags foldmultilines=false
 #1: stderr all=off uptime,level,tags foldmultilines=false

Environment Variables:
JAVA_HOME=C:\Program Files\Java\jdk-21
PATH=C:\Program Files\Common Files\Oracle\Java\javapath;C:\Windows\system32;C:\Windows;C:\Windows\System32\Wbem;C:\Windows\System32\WindowsPowerShell\v1.0\;C:\Windows\System32\OpenSSH\;%JAVA_HOME%\bin;C:\Maven\apache-maven-3.9.9\bin;C:\Program Files\nodejs\;C:\Users\DELL\AppData\Local\Microsoft\WindowsApps;C:\Users\DELL\AppData\Local\GitHubDesktop\bin;C:\Users\DELL\AppData\Roaming\npm
USERNAME=DELL
OS=Windows_NT
PROCESSOR_IDENTIFIER=Intel64 Family 6 Model 78 Stepping 3, GenuineIntel
TMP=C:\Users\DELL\AppData\Local\Temp
TEMP=C:\Users\DELL\AppData\Local\Temp




Periodic native trim disabled

---------------  S Y S T E M  ---------------

OS:
 Windows 10 , 64 bit Build 19041 (10.0.19041.5198)
OS uptime: 5 days 4:43 hours

CPU: total 4 (initial active 4) (2 cores per cpu, 2 threads per core) family 6 model 78 stepping 3 microcode 0xcc, cx8, cmov, fxsr, ht, mmx, 3dnowpref, sse, sse2, sse3, ssse3, sse4.1, sse4.2, popcnt, lzcnt, tsc, tscinvbit, avx, avx2, aes, erms, clmul, bmi1, bmi2, adx, fma, vzeroupper, clflush, clflushopt, rdtscp, f16c
Processor Information for all 4 processors :
  Max Mhz: 2601, Current Mhz: 2601, Mhz Limit: 2601

Memory: 4k page, system-wide physical 8085M (587M free)
TotalPageFile size 13170M (AvailPageFile size 73M)
current process WorkingSet (physical memory assigned to process): 10M, peak: 10M
current process commit charge ("private bytes"): 52M, peak: 180M

vm_info: Java HotSpot(TM) 64-Bit Server VM (21.0.6+8-LTS-188) for windows-amd64 JRE (21.0.6+8-LTS-188), built on 2024-12-03T10:50:54Z by "mach5one" with MS VC++ 17.6 (VS2022)

END.
